<?xml version="1.0" encoding="UTF-8"?>
<!-- Generated by org.testng.reporters.JUnitReportReporter -->
<testsuite hostname="Ramsubramanians-MacBook-Pro.local" failures="0" tests="6" name="com.testng.mobilephone" time="0.007" errors="0" timestamp="02 Apr 2020 08:30:11 GMT" skipped="0">
  <testcase classname="com.testng.mobilephone" name="apple2" time="0.000"/>
  <testcase classname="com.testng.mobilephone" name="moto1" time="0.000"/>
  <testcase classname="com.testng.mobilephone" name="pixel1" time="0.000"/>
  <testcase classname="com.testng.mobilephone" name="apple1" time="0.006"/>
  <testcase classname="com.testng.mobilephone" name="pixel2" time="0.000"/>
  <testcase classname="com.testng.mobilephone" name="moto2" time="0.001"/>
</testsuite> <!-- com.testng.mobilephone -->
