<?xml version="1.0" encoding="UTF-8"?>
<!-- Generated by org.testng.reporters.JUnitReportReporter -->
<testsuite hostname="Ramsubramanians-MacBook-Pro.local" failures="0" tests="4" name="com.testng.sampletestngcase" time="0.002" errors="0" timestamp="01 Apr 2020 03:48:26 GMT" skipped="0">
  <testcase classname="com.testng.sampletestngcase" name="firsttestcase" time="0.001"/>
  <testcase classname="com.testng.sampletestngcase" name="thirdtestcase" time="0.000"/>
  <testcase classname="com.testng.sampletestngcase" name="fourthtestcase" time="0.001"/>
  <testcase classname="com.testng.sampletestngcase" name="secondtestcase" time="0.000"/>
</testsuite> <!-- com.testng.sampletestngcase -->
