<?xml version="1.0" encoding="UTF-8"?>
<!-- Generated by org.testng.reporters.JUnitReportReporter -->
<testsuite hostname="Ramsubramanians-MacBook-Pro.local" failures="0" tests="1" name="com.testng.printname" time="0.007" errors="0" timestamp="03 Apr 2020 04:09:03 GMT" skipped="0">
  <testcase classname="com.testng.printname" name="name" time="0.007"/>
</testsuite> <!-- com.testng.printname -->
