<?xml version="1.0" encoding="UTF-8"?>
<!-- Generated by org.testng.reporters.JUnitReportReporter -->
<testsuite hostname="Ramsubramanians-MacBook-Pro.local" failures="0" tests="8" name="com.testng.Drivecar" time="0.009" errors="0" timestamp="01 Apr 2020 03:48:26 GMT" skipped="0">
  <testcase classname="com.testng.Drivecar" name="fourthgear" time="0.005"/>
  <testcase classname="com.testng.Drivecar" name="tyreair" time="0.001"/>
  <testcase classname="com.testng.Drivecar" name="putsecondgear" time="0.000"/>
  <testcase classname="com.testng.Drivecar" name="startthecar" time="0.001"/>
  <testcase classname="com.testng.Drivecar" name="turnthemusic" time="0.001"/>
  <testcase classname="com.testng.Drivecar" name="petrol" time="0.001"/>
  <testcase classname="com.testng.Drivecar" name="thirdgear" time="0.000"/>
  <testcase classname="com.testng.Drivecar" name="putfirstgear" time="0.000"/>
</testsuite> <!-- com.testng.Drivecar -->
