<?xml version="1.0" encoding="UTF-8"?>
<!-- Generated by org.testng.reporters.JUnitReportReporter -->
<testsuite hostname="Ramsubramanians-MacBook-Pro.local" failures="0" tests="2" name="com.testng.paralleltesting" time="6.458" errors="0" timestamp="03 Apr 2020 06:18:32 GMT" skipped="0">
  <testcase classname="com.testng.paralleltesting" name="opengoogle" time="3.620"/>
  <testcase classname="com.testng.paralleltesting" name="openbing" time="2.838"/>
</testsuite> <!-- com.testng.paralleltesting -->
